<?xml version="1.0" encoding="UTF-8"?>
<!-- Generated by org.testng.reporters.JUnitReportReporter -->
<testsuite hostname="Atmika" failures="0" tests="1" name="scraping.RecepieScrap" time="0.017" errors="0" timestamp="2025-05-03T15:42:05 PDT" skipped="0">
  <testcase classname="scraping.RecepieScrap" name="testRecipeScraping" time="0.017"/>
</testsuite> <!-- scraping.RecepieScrap -->
